Analysis & Synthesis report for mp2
Wed Oct  3 14:05:22 2018
Quartus II 32-bit Version 13.1.4 Build 182 03/12/2014 SJ Full Version


---------------------
; Table of Contents ;
---------------------
  1. Legal Notice
  2. Analysis & Synthesis Summary
  3. Analysis & Synthesis Settings
  4. Parallel Compilation
  5. Analysis & Synthesis Source Files Read
  6. Analysis & Synthesis Resource Usage Summary
  7. Analysis & Synthesis Resource Utilization by Entity
  8. State Machine - |mp2|cache:cache|cache_control:control|state
  9. State Machine - |mp2|mp1:cpu|control:control|state
 10. Registers Removed During Synthesis
 11. Removed Registers Triggering Further Register Optimizations
 12. General Register Statistics
 13. Inverted Register Statistics
 14. Multiplexer Restructuring Statistics (Restructuring Performed)
 15. Parameter Settings for User Entity Instance: mp1:cpu|datapath:datapath|mux4:pcmux
 16. Parameter Settings for User Entity Instance: mp1:cpu|datapath:datapath|pc_register:pc
 17. Parameter Settings for User Entity Instance: mp1:cpu|datapath:datapath|plus4:pc_plus4
 18. Parameter Settings for User Entity Instance: mp1:cpu|datapath:datapath|mux2:cmpmux
 19. Parameter Settings for User Entity Instance: mp1:cpu|datapath:datapath|mux2:alumux1
 20. Parameter Settings for User Entity Instance: mp1:cpu|datapath:datapath|mux8:alumux2
 21. Parameter Settings for User Entity Instance: mp1:cpu|datapath:datapath|mux8:regfilemux
 22. Parameter Settings for User Entity Instance: mp1:cpu|datapath:datapath|mux2:marmux
 23. Parameter Settings for User Entity Instance: mp1:cpu|datapath:datapath|register:mdr
 24. Parameter Settings for User Entity Instance: mp1:cpu|datapath:datapath|register:mar
 25. Parameter Settings for User Entity Instance: mp1:cpu|datapath:datapath|register:mem_data_out
 26. Parameter Settings for User Entity Instance: mp1:cpu|datapath:datapath|mux4:mem_data_mux
 27. Parameter Settings for User Entity Instance: mp1:cpu|datapath:datapath|cmp:cmp
 28. Parameter Settings for User Entity Instance: cache:cache|cache_datapath:datapath|array:data_array0
 29. Parameter Settings for User Entity Instance: cache:cache|cache_datapath:datapath|array:data_array1
 30. Parameter Settings for User Entity Instance: cache:cache|cache_datapath:datapath|array:dirty0
 31. Parameter Settings for User Entity Instance: cache:cache|cache_datapath:datapath|array:dirty1
 32. Parameter Settings for User Entity Instance: cache:cache|cache_datapath:datapath|array:valid0
 33. Parameter Settings for User Entity Instance: cache:cache|cache_datapath:datapath|array:valid1
 34. Parameter Settings for User Entity Instance: cache:cache|cache_datapath:datapath|array:tag_array0
 35. Parameter Settings for User Entity Instance: cache:cache|cache_datapath:datapath|array:tag_array1
 36. Parameter Settings for User Entity Instance: cache:cache|cache_datapath:datapath|array:lru
 37. Parameter Settings for User Entity Instance: cache:cache|cache_datapath:datapath|mux2:pmem_wdata_mux
 38. Parameter Settings for User Entity Instance: cache:cache|cache_datapath:datapath|mux4:pmem_address_mux
 39. Parameter Settings for User Entity Instance: cache:cache|cache_datapath:datapath|mux2:waydata_mux
 40. Parameter Settings for User Entity Instance: cache:cache|cache_datapath:datapath|mux2:datain_mux
 41. Parameter Settings for User Entity Instance: cache:cache|cache_datapath:datapath|mux8:mem_rdata_mux
 42. Port Connectivity Checks: "cache:cache|cache_datapath:datapath|mux4:pmem_address_mux"
 43. Port Connectivity Checks: "mp1:cpu|datapath:datapath|mux4:mem_data_mux"
 44. Port Connectivity Checks: "mp1:cpu|datapath:datapath|mux8:regfilemux"
 45. Port Connectivity Checks: "mp1:cpu|datapath:datapath|mux8:alumux2"
 46. Port Connectivity Checks: "mp1:cpu|datapath:datapath|mux4:pcmux"
 47. Elapsed Time Per Partition
 48. Analysis & Synthesis Messages
 49. Analysis & Synthesis Suppressed Messages



----------------
; Legal Notice ;
----------------
Copyright (C) 1991-2014 Altera Corporation
Your use of Altera Corporation's design tools, logic functions 
and other software and tools, and its AMPP partner logic 
functions, and any output files from any of the foregoing 
(including device programming or simulation files), and any 
associated documentation or information are expressly subject 
to the terms and conditions of the Altera Program License 
Subscription Agreement, Altera MegaCore Function License 
Agreement, or other applicable license agreement, including, 
without limitation, that your use is for the sole purpose of 
programming logic devices manufactured by Altera and sold by 
Altera or its authorized distributors.  Please refer to the 
applicable agreement for further details.



+-----------------------------------------------------------------------------+
; Analysis & Synthesis Summary                                                ;
+-------------------------------+---------------------------------------------+
; Analysis & Synthesis Status   ; Successful - Wed Oct  3 14:05:22 2018       ;
; Quartus II 32-bit Version     ; 13.1.4 Build 182 03/12/2014 SJ Full Version ;
; Revision Name                 ; mp2                                         ;
; Top-level Entity Name         ; mp2                                         ;
; Family                        ; Stratix III                                 ;
; Logic utilization             ; N/A                                         ;
;     Combinational ALUTs       ; 3,543                                       ;
;     Memory ALUTs              ; 0                                           ;
;     Dedicated logic registers ; 5,707                                       ;
; Total registers               ; 5707                                        ;
; Total pins                    ; 548                                         ;
; Total virtual pins            ; 0                                           ;
; Total block memory bits       ; 0                                           ;
; DSP block 18-bit elements     ; 0                                           ;
; Total PLLs                    ; 0                                           ;
; Total DLLs                    ; 0                                           ;
+-------------------------------+---------------------------------------------+


+---------------------------------------------------------------------------------------------------------------------------+
; Analysis & Synthesis Settings                                                                                             ;
+---------------------------------------------------------------------------------+--------------------+--------------------+
; Option                                                                          ; Setting            ; Default Value      ;
+---------------------------------------------------------------------------------+--------------------+--------------------+
; Device                                                                          ; EP3SE80F1152C2     ;                    ;
; Top-level entity name                                                           ; mp2                ; mp2                ;
; Family name                                                                     ; Stratix III        ; Cyclone IV GX      ;
; Use smart compilation                                                           ; Off                ; Off                ;
; Enable parallel Assembler and TimeQuest Timing Analyzer during compilation      ; On                 ; On                 ;
; Enable compact report table                                                     ; Off                ; Off                ;
; Restructure Multiplexers                                                        ; Auto               ; Auto               ;
; MLAB Add Timing Constraints For Mixed-Port Feed-Through Mode Setting Don't Care ; Off                ; Off                ;
; Create Debugging Nodes for IP Cores                                             ; Off                ; Off                ;
; Preserve fewer node names                                                       ; On                 ; On                 ;
; Disable OpenCore Plus hardware evaluation                                       ; Off                ; Off                ;
; Verilog Version                                                                 ; Verilog_2001       ; Verilog_2001       ;
; VHDL Version                                                                    ; VHDL_1993          ; VHDL_1993          ;
; State Machine Processing                                                        ; Auto               ; Auto               ;
; Safe State Machine                                                              ; Off                ; Off                ;
; Extract Verilog State Machines                                                  ; On                 ; On                 ;
; Extract VHDL State Machines                                                     ; On                 ; On                 ;
; Ignore Verilog initial constructs                                               ; Off                ; Off                ;
; Iteration limit for constant Verilog loops                                      ; 5000               ; 5000               ;
; Iteration limit for non-constant Verilog loops                                  ; 250                ; 250                ;
; Add Pass-Through Logic to Inferred RAMs                                         ; On                 ; On                 ;
; Infer RAMs from Raw Logic                                                       ; On                 ; On                 ;
; Parallel Synthesis                                                              ; On                 ; On                 ;
; DSP Block Balancing                                                             ; Auto               ; Auto               ;
; NOT Gate Push-Back                                                              ; On                 ; On                 ;
; Power-Up Don't Care                                                             ; On                 ; On                 ;
; Remove Redundant Logic Cells                                                    ; Off                ; Off                ;
; Remove Duplicate Registers                                                      ; On                 ; On                 ;
; Ignore CARRY Buffers                                                            ; Off                ; Off                ;
; Ignore CASCADE Buffers                                                          ; Off                ; Off                ;
; Ignore GLOBAL Buffers                                                           ; Off                ; Off                ;
; Ignore ROW GLOBAL Buffers                                                       ; Off                ; Off                ;
; Ignore LCELL Buffers                                                            ; Off                ; Off                ;
; Ignore SOFT Buffers                                                             ; On                 ; On                 ;
; Limit AHDL Integers to 32 Bits                                                  ; Off                ; Off                ;
; Optimization Technique                                                          ; Balanced           ; Balanced           ;
; Carry Chain Length                                                              ; 70                 ; 70                 ;
; Auto Carry Chains                                                               ; On                 ; On                 ;
; Auto Open-Drain Pins                                                            ; On                 ; On                 ;
; Perform WYSIWYG Primitive Resynthesis                                           ; Off                ; Off                ;
; Auto ROM Replacement                                                            ; On                 ; On                 ;
; Auto RAM Replacement                                                            ; On                 ; On                 ;
; Auto DSP Block Replacement                                                      ; On                 ; On                 ;
; Auto Shift Register Replacement                                                 ; Auto               ; Auto               ;
; Allow Shift Register Merging across Hierarchies                                 ; Auto               ; Auto               ;
; Auto Clock Enable Replacement                                                   ; On                 ; On                 ;
; Strict RAM Replacement                                                          ; Off                ; Off                ;
; Allow Synchronous Control Signals                                               ; On                 ; On                 ;
; Force Use of Synchronous Clear Signals                                          ; Off                ; Off                ;
; Auto RAM Block Balancing                                                        ; On                 ; On                 ;
; Auto RAM to Logic Cell Conversion                                               ; Off                ; Off                ;
; Auto Resource Sharing                                                           ; Off                ; Off                ;
; Allow Any RAM Size For Recognition                                              ; Off                ; Off                ;
; Allow Any ROM Size For Recognition                                              ; Off                ; Off                ;
; Allow Any Shift Register Size For Recognition                                   ; Off                ; Off                ;
; Use LogicLock Constraints during Resource Balancing                             ; On                 ; On                 ;
; Ignore translate_off and synthesis_off directives                               ; Off                ; Off                ;
; Timing-Driven Synthesis                                                         ; On                 ; On                 ;
; Report Parameter Settings                                                       ; On                 ; On                 ;
; Report Source Assignments                                                       ; On                 ; On                 ;
; Report Connectivity Checks                                                      ; On                 ; On                 ;
; Ignore Maximum Fan-Out Assignments                                              ; Off                ; Off                ;
; Synchronization Register Chain Length                                           ; 2                  ; 2                  ;
; PowerPlay Power Optimization                                                    ; Normal compilation ; Normal compilation ;
; HDL message level                                                               ; Level2             ; Level2             ;
; Suppress Register Optimization Related Messages                                 ; Off                ; Off                ;
; Number of Removed Registers Reported in Synthesis Report                        ; 5000               ; 5000               ;
; Number of Swept Nodes Reported in Synthesis Report                              ; 5000               ; 5000               ;
; Number of Inverted Registers Reported in Synthesis Report                       ; 100                ; 100                ;
; Clock MUX Protection                                                            ; On                 ; On                 ;
; Auto Gated Clock Conversion                                                     ; Off                ; Off                ;
; Block Design Naming                                                             ; Auto               ; Auto               ;
; SDC constraint protection                                                       ; Off                ; Off                ;
; Synthesis Effort                                                                ; Auto               ; Auto               ;
; Shift Register Replacement - Allow Asynchronous Clear Signal                    ; On                 ; On                 ;
; Pre-Mapping Resynthesis Optimization                                            ; Off                ; Off                ;
; Analysis & Synthesis Message Level                                              ; Medium             ; Medium             ;
; Disable Register Merging Across Hierarchies                                     ; Auto               ; Auto               ;
; Resource Aware Inference For Block RAM                                          ; On                 ; On                 ;
; Synthesis Seed                                                                  ; 1                  ; 1                  ;
+---------------------------------------------------------------------------------+--------------------+--------------------+


+------------------------------------------+
; Parallel Compilation                     ;
+----------------------------+-------------+
; Processors                 ; Number      ;
+----------------------------+-------------+
; Number detected on machine ; 12          ;
; Maximum allowed            ; 12          ;
;                            ;             ;
; Average used               ; 1.00        ;
; Maximum used               ; 7           ;
;                            ;             ;
; Usage by Processor         ; % Time Used ;
;     Processor 1            ; 100.0%      ;
;     Processors 2-7         ; < 0.1%      ;
;     Processors 8-12        ;   0.0%      ;
+----------------------------+-------------+


+-------------------------------------------------------------------------------------------------------------------------------------------+
; Analysis & Synthesis Source Files Read                                                                                                    ;
+----------------------------------+-----------------+------------------------------+---------------------------------------------+---------+
; File Name with User-Entered Path ; Used in Netlist ; File Type                    ; File Name with Absolute Path                ; Library ;
+----------------------------------+-----------------+------------------------------+---------------------------------------------+---------+
; data_decoder.sv                  ; yes             ; User SystemVerilog HDL File  ; /home/grossfe2/ece411/mp2/data_decoder.sv   ;         ;
; cpu.sv                           ; yes             ; User SystemVerilog HDL File  ; /home/grossfe2/ece411/mp2/cpu.sv            ;         ;
; cpu_control.sv                   ; yes             ; User SystemVerilog HDL File  ; /home/grossfe2/ece411/mp2/cpu_control.sv    ;         ;
; cpu_datapath.sv                  ; yes             ; User SystemVerilog HDL File  ; /home/grossfe2/ece411/mp2/cpu_datapath.sv   ;         ;
; array.sv                         ; yes             ; User SystemVerilog HDL File  ; /home/grossfe2/ece411/mp2/array.sv          ;         ;
; mp2.sv                           ; yes             ; User SystemVerilog HDL File  ; /home/grossfe2/ece411/mp2/mp2.sv            ;         ;
; rv32i_types.sv                   ; yes             ; User SystemVerilog HDL File  ; /home/grossfe2/ece411/mp2/rv32i_types.sv    ;         ;
; register.sv                      ; yes             ; User SystemVerilog HDL File  ; /home/grossfe2/ece411/mp2/register.sv       ;         ;
; regfile.sv                       ; yes             ; User SystemVerilog HDL File  ; /home/grossfe2/ece411/mp2/regfile.sv        ;         ;
; pc_reg.sv                        ; yes             ; User SystemVerilog HDL File  ; /home/grossfe2/ece411/mp2/pc_reg.sv         ;         ;
; ir.sv                            ; yes             ; User SystemVerilog HDL File  ; /home/grossfe2/ece411/mp2/ir.sv             ;         ;
; alu.sv                           ; yes             ; User SystemVerilog HDL File  ; /home/grossfe2/ece411/mp2/alu.sv            ;         ;
; mux2.sv                          ; yes             ; User SystemVerilog HDL File  ; /home/grossfe2/ece411/mp2/mux2.sv           ;         ;
; mux4.sv                          ; yes             ; User SystemVerilog HDL File  ; /home/grossfe2/ece411/mp2/mux4.sv           ;         ;
; plus4.sv                         ; yes             ; User SystemVerilog HDL File  ; /home/grossfe2/ece411/mp2/plus4.sv          ;         ;
; cmp.sv                           ; yes             ; User SystemVerilog HDL File  ; /home/grossfe2/ece411/mp2/cmp.sv            ;         ;
; mux8.sv                          ; yes             ; User SystemVerilog HDL File  ; /home/grossfe2/ece411/mp2/mux8.sv           ;         ;
; cache.sv                         ; yes             ; User SystemVerilog HDL File  ; /home/grossfe2/ece411/mp2/cache.sv          ;         ;
; cache_control.sv                 ; yes             ; User SystemVerilog HDL File  ; /home/grossfe2/ece411/mp2/cache_control.sv  ;         ;
; cache_datapath.sv                ; yes             ; User SystemVerilog HDL File  ; /home/grossfe2/ece411/mp2/cache_datapath.sv ;         ;
; is_hit.sv                        ; yes             ; User SystemVerilog HDL File  ; /home/grossfe2/ece411/mp2/is_hit.sv         ;         ;
+----------------------------------+-----------------+------------------------------+---------------------------------------------+---------+


+-----------------------------------------------------------+
; Analysis & Synthesis Resource Usage Summary               ;
+-----------------------------------------------+-----------+
; Resource                                      ; Usage     ;
+-----------------------------------------------+-----------+
; Estimated ALUTs Used                          ; 3543      ;
;     -- Combinational ALUTs                    ; 3543      ;
;     -- Memory ALUTs                           ; 0         ;
;     -- LUT_REGs                               ; 0         ;
; Dedicated logic registers                     ; 5707      ;
;                                               ;           ;
; Estimated ALUTs Unavailable                   ; 1686      ;
;     -- Due to unpartnered combinational logic ; 1686      ;
;     -- Due to Memory ALUTs                    ; 0         ;
;                                               ;           ;
; Total combinational functions                 ; 3543      ;
; Combinational ALUT usage by number of inputs  ;           ;
;     -- 7 input functions                      ; 1686      ;
;     -- 6 input functions                      ; 439       ;
;     -- 5 input functions                      ; 505       ;
;     -- 4 input functions                      ; 169       ;
;     -- <=3 input functions                    ; 744       ;
;                                               ;           ;
; Combinational ALUTs by mode                   ;           ;
;     -- normal mode                            ; 1762      ;
;     -- extended LUT mode                      ; 1686      ;
;     -- arithmetic mode                        ; 95        ;
;     -- shared arithmetic mode                 ; 0         ;
;                                               ;           ;
; Estimated ALUT/register pairs used            ; 10043     ;
;                                               ;           ;
; Total registers                               ; 5707      ;
;     -- Dedicated logic registers              ; 5707      ;
;     -- I/O registers                          ; 0         ;
;     -- LUT_REGs                               ; 0         ;
;                                               ;           ;
;                                               ;           ;
; I/O pins                                      ; 548       ;
; DSP block 18-bit elements                     ; 0         ;
; Maximum fan-out node                          ; clk~input ;
; Maximum fan-out                               ; 5707      ;
; Total fan-out                                 ; 37859     ;
; Average fan-out                               ; 3.66      ;
+-----------------------------------------------+-----------+


+--------------------------------------------------------------------------------------------------------------------------------------------------------------------------------------------------------------------------------------------------------------------+
; Analysis & Synthesis Resource Utilization by Entity                                                                                                                                                                                                                ;
+--------------------------------------+-------------------+--------------+-------------------+--------------+---------+-----------+-----------+-----------+------+--------------+--------------------------------------------------------------------+--------------+
; Compilation Hierarchy Node           ; LC Combinationals ; LC Registers ; Block Memory Bits ; DSP Elements ; DSP 9x9 ; DSP 12x12 ; DSP 18x18 ; DSP 36x36 ; Pins ; Virtual Pins ; Full Hierarchy Name                                                ; Library Name ;
+--------------------------------------+-------------------+--------------+-------------------+--------------+---------+-----------+-----------+-----------+------+--------------+--------------------------------------------------------------------+--------------+
; |mp2                                 ; 3543 (0)          ; 5707 (0)     ; 0                 ; 0            ; 0       ; 0         ; 0         ; 0         ; 548  ; 0            ; |mp2                                                               ; work         ;
;    |cache:cache|                     ; 2117 (0)          ; 4506 (0)     ; 0                 ; 0            ; 0       ; 0         ; 0         ; 0         ; 0    ; 0            ; |mp2|cache:cache                                                   ; work         ;
;       |cache_control:control|        ; 12 (12)           ; 2 (2)        ; 0                 ; 0            ; 0       ; 0         ; 0         ; 0         ; 0    ; 0            ; |mp2|cache:cache|cache_control:control                             ; work         ;
;       |cache_datapath:datapath|      ; 2105 (0)          ; 4504 (0)     ; 0                 ; 0            ; 0       ; 0         ; 0         ; 0         ; 0    ; 0            ; |mp2|cache:cache|cache_datapath:datapath                           ; work         ;
;          |array:data_array0|         ; 512 (512)         ; 2048 (2048)  ; 0                 ; 0            ; 0       ; 0         ; 0         ; 0         ; 0    ; 0            ; |mp2|cache:cache|cache_datapath:datapath|array:data_array0         ; work         ;
;          |array:data_array1|         ; 512 (512)         ; 2048 (2048)  ; 0                 ; 0            ; 0       ; 0         ; 0         ; 0         ; 0    ; 0            ; |mp2|cache:cache|cache_datapath:datapath|array:data_array1         ; work         ;
;          |array:lru|                 ; 12 (12)           ; 8 (8)        ; 0                 ; 0            ; 0       ; 0         ; 0         ; 0         ; 0    ; 0            ; |mp2|cache:cache|cache_datapath:datapath|array:lru                 ; work         ;
;          |array:tag_array0|          ; 65 (65)           ; 192 (192)    ; 0                 ; 0            ; 0       ; 0         ; 0         ; 0         ; 0    ; 0            ; |mp2|cache:cache|cache_datapath:datapath|array:tag_array0          ; work         ;
;          |array:tag_array1|          ; 56 (56)           ; 192 (192)    ; 0                 ; 0            ; 0       ; 0         ; 0         ; 0         ; 0    ; 0            ; |mp2|cache:cache|cache_datapath:datapath|array:tag_array1          ; work         ;
;          |array:valid0|              ; 10 (10)           ; 8 (8)        ; 0                 ; 0            ; 0       ; 0         ; 0         ; 0         ; 0    ; 0            ; |mp2|cache:cache|cache_datapath:datapath|array:valid0              ; work         ;
;          |array:valid1|              ; 10 (10)           ; 8 (8)        ; 0                 ; 0            ; 0       ; 0         ; 0         ; 0         ; 0    ; 0            ; |mp2|cache:cache|cache_datapath:datapath|array:valid1              ; work         ;
;          |data_decoder:data_decoder| ; 8 (8)             ; 0 (0)        ; 0                 ; 0            ; 0       ; 0         ; 0         ; 0         ; 0    ; 0            ; |mp2|cache:cache|cache_datapath:datapath|data_decoder:data_decoder ; work         ;
;          |is_hit:is_hit0|            ; 12 (12)           ; 0 (0)        ; 0                 ; 0            ; 0       ; 0         ; 0         ; 0         ; 0    ; 0            ; |mp2|cache:cache|cache_datapath:datapath|is_hit:is_hit0            ; work         ;
;          |is_hit:is_hit1|            ; 12 (12)           ; 0 (0)        ; 0                 ; 0            ; 0       ; 0         ; 0         ; 0         ; 0    ; 0            ; |mp2|cache:cache|cache_datapath:datapath|is_hit:is_hit1            ; work         ;
;          |mux2:datain_mux|           ; 384 (384)         ; 0 (0)        ; 0                 ; 0            ; 0       ; 0         ; 0         ; 0         ; 0    ; 0            ; |mp2|cache:cache|cache_datapath:datapath|mux2:datain_mux           ; work         ;
;          |mux2:pmem_wdata_mux|       ; 256 (256)         ; 0 (0)        ; 0                 ; 0            ; 0       ; 0         ; 0         ; 0         ; 0    ; 0            ; |mp2|cache:cache|cache_datapath:datapath|mux2:pmem_wdata_mux       ; work         ;
;          |mux2:waydata_mux|          ; 128 (128)         ; 0 (0)        ; 0                 ; 0            ; 0       ; 0         ; 0         ; 0         ; 0    ; 0            ; |mp2|cache:cache|cache_datapath:datapath|mux2:waydata_mux          ; work         ;
;          |mux8:mem_rdata_mux|        ; 128 (128)         ; 0 (0)        ; 0                 ; 0            ; 0       ; 0         ; 0         ; 0         ; 0    ; 0            ; |mp2|cache:cache|cache_datapath:datapath|mux8:mem_rdata_mux        ; work         ;
;    |mp1:cpu|                         ; 1426 (0)          ; 1201 (0)     ; 0                 ; 0            ; 0       ; 0         ; 0         ; 0         ; 0    ; 0            ; |mp2|mp1:cpu                                                       ; work         ;
;       |control:control|              ; 53 (53)           ; 17 (17)      ; 0                 ; 0            ; 0       ; 0         ; 0         ; 0         ; 0    ; 0            ; |mp2|mp1:cpu|control:control                                       ; work         ;
;       |datapath:datapath|            ; 1373 (0)          ; 1184 (0)     ; 0                 ; 0            ; 0       ; 0         ; 0         ; 0         ; 0    ; 0            ; |mp2|mp1:cpu|datapath:datapath                                     ; work         ;
;          |alu:alu|                   ; 376 (376)         ; 0 (0)        ; 0                 ; 0            ; 0       ; 0         ; 0         ; 0         ; 0    ; 0            ; |mp2|mp1:cpu|datapath:datapath|alu:alu                             ; work         ;
;          |cmp:cmp|                   ; 120 (120)         ; 0 (0)        ; 0                 ; 0            ; 0       ; 0         ; 0         ; 0         ; 0    ; 0            ; |mp2|mp1:cpu|datapath:datapath|cmp:cmp                             ; work         ;
;          |ir:IR|                     ; 0 (0)             ; 32 (32)      ; 0                 ; 0            ; 0       ; 0         ; 0         ; 0         ; 0    ; 0            ; |mp2|mp1:cpu|datapath:datapath|ir:IR                               ; work         ;
;          |mux2:alumux1|              ; 32 (32)           ; 0 (0)        ; 0                 ; 0            ; 0       ; 0         ; 0         ; 0         ; 0    ; 0            ; |mp2|mp1:cpu|datapath:datapath|mux2:alumux1                        ; work         ;
;          |mux2:cmpmux|               ; 21 (21)           ; 0 (0)        ; 0                 ; 0            ; 0       ; 0         ; 0         ; 0         ; 0    ; 0            ; |mp2|mp1:cpu|datapath:datapath|mux2:cmpmux                         ; work         ;
;          |mux4:mem_data_mux|         ; 1 (1)             ; 0 (0)        ; 0                 ; 0            ; 0       ; 0         ; 0         ; 0         ; 0    ; 0            ; |mp2|mp1:cpu|datapath:datapath|mux4:mem_data_mux                   ; work         ;
;          |mux4:pcmux|                ; 6 (6)             ; 0 (0)        ; 0                 ; 0            ; 0       ; 0         ; 0         ; 0         ; 0    ; 0            ; |mp2|mp1:cpu|datapath:datapath|mux4:pcmux                          ; work         ;
;          |mux8:alumux2|              ; 41 (41)           ; 0 (0)        ; 0                 ; 0            ; 0       ; 0         ; 0         ; 0         ; 0    ; 0            ; |mp2|mp1:cpu|datapath:datapath|mux8:alumux2                        ; work         ;
;          |mux8:regfilemux|           ; 74 (74)           ; 0 (0)        ; 0                 ; 0            ; 0       ; 0         ; 0         ; 0         ; 0    ; 0            ; |mp2|mp1:cpu|datapath:datapath|mux8:regfilemux                     ; work         ;
;          |pc_register:pc|            ; 3 (3)             ; 32 (32)      ; 0                 ; 0            ; 0       ; 0         ; 0         ; 0         ; 0    ; 0            ; |mp2|mp1:cpu|datapath:datapath|pc_register:pc                      ; work         ;
;          |plus4:pc_plus4|            ; 30 (30)           ; 0 (0)        ; 0                 ; 0            ; 0       ; 0         ; 0         ; 0         ; 0    ; 0            ; |mp2|mp1:cpu|datapath:datapath|plus4:pc_plus4                      ; work         ;
;          |regfile:regfile|           ; 667 (667)         ; 1024 (1024)  ; 0                 ; 0            ; 0       ; 0         ; 0         ; 0         ; 0    ; 0            ; |mp2|mp1:cpu|datapath:datapath|regfile:regfile                     ; work         ;
;          |register:mar|              ; 0 (0)             ; 32 (32)      ; 0                 ; 0            ; 0       ; 0         ; 0         ; 0         ; 0    ; 0            ; |mp2|mp1:cpu|datapath:datapath|register:mar                        ; work         ;
;          |register:mdr|              ; 1 (1)             ; 32 (32)      ; 0                 ; 0            ; 0       ; 0         ; 0         ; 0         ; 0    ; 0            ; |mp2|mp1:cpu|datapath:datapath|register:mdr                        ; work         ;
;          |register:mem_data_out|     ; 1 (1)             ; 32 (32)      ; 0                 ; 0            ; 0       ; 0         ; 0         ; 0         ; 0    ; 0            ; |mp2|mp1:cpu|datapath:datapath|register:mem_data_out               ; work         ;
+--------------------------------------+-------------------+--------------+-------------------+--------------+---------+-----------+-----------+-----------+------+--------------+--------------------------------------------------------------------+--------------+
Note: For table entries with two numbers listed, the numbers in parentheses indicate the number of resources of the given type used by the specific entity alone. The numbers listed outside of parentheses indicate the total resources of the given type used by the specific entity and all of its sub-entities in the hierarchy.


Encoding Type:  One-Hot
+--------------------------------------------------------------------------+
; State Machine - |mp2|cache:cache|cache_control:control|state             ;
+-------------------+-------------------+----------------+-----------------+
; Name              ; state.idle_action ; state.allocate ; state.writeback ;
+-------------------+-------------------+----------------+-----------------+
; state.idle_action ; 0                 ; 0              ; 0               ;
; state.writeback   ; 1                 ; 0              ; 1               ;
; state.allocate    ; 1                 ; 1              ; 0               ;
+-------------------+-------------------+----------------+-----------------+


Encoding Type:  One-Hot
+----------------------------------------------------------------------------------------------------------------------------------------------------------------------------------------------------------------------------------------------------------------+
; State Machine - |mp2|mp1:cpu|control:control|state                                                                                                                                                                                                             ;
+-----------------+------------+------------+------------+------------+-----------------+----------+-------------+-------------+------------+------------+-------------+-------------+---------------+--------------+--------------+--------------+--------------+
; Name            ; state.str2 ; state.str1 ; state.ldr2 ; state.ldr1 ; state.calc_addr ; state.br ; state.s_lui ; state.jalr1 ; state.jal2 ; state.jal1 ; state.s_reg ; state.s_imm ; state.s_auipc ; state.decode ; state.fetch3 ; state.fetch2 ; state.fetch1 ;
+-----------------+------------+------------+------------+------------+-----------------+----------+-------------+-------------+------------+------------+-------------+-------------+---------------+--------------+--------------+--------------+--------------+
; state.fetch1    ; 0          ; 0          ; 0          ; 0          ; 0               ; 0        ; 0           ; 0           ; 0          ; 0          ; 0           ; 0           ; 0             ; 0            ; 0            ; 0            ; 0            ;
; state.fetch2    ; 0          ; 0          ; 0          ; 0          ; 0               ; 0        ; 0           ; 0           ; 0          ; 0          ; 0           ; 0           ; 0             ; 0            ; 0            ; 1            ; 1            ;
; state.fetch3    ; 0          ; 0          ; 0          ; 0          ; 0               ; 0        ; 0           ; 0           ; 0          ; 0          ; 0           ; 0           ; 0             ; 0            ; 1            ; 0            ; 1            ;
; state.decode    ; 0          ; 0          ; 0          ; 0          ; 0               ; 0        ; 0           ; 0           ; 0          ; 0          ; 0           ; 0           ; 0             ; 1            ; 0            ; 0            ; 1            ;
; state.s_auipc   ; 0          ; 0          ; 0          ; 0          ; 0               ; 0        ; 0           ; 0           ; 0          ; 0          ; 0           ; 0           ; 1             ; 0            ; 0            ; 0            ; 1            ;
; state.s_imm     ; 0          ; 0          ; 0          ; 0          ; 0               ; 0        ; 0           ; 0           ; 0          ; 0          ; 0           ; 1           ; 0             ; 0            ; 0            ; 0            ; 1            ;
; state.s_reg     ; 0          ; 0          ; 0          ; 0          ; 0               ; 0        ; 0           ; 0           ; 0          ; 0          ; 1           ; 0           ; 0             ; 0            ; 0            ; 0            ; 1            ;
; state.jal1      ; 0          ; 0          ; 0          ; 0          ; 0               ; 0        ; 0           ; 0           ; 0          ; 1          ; 0           ; 0           ; 0             ; 0            ; 0            ; 0            ; 1            ;
; state.jal2      ; 0          ; 0          ; 0          ; 0          ; 0               ; 0        ; 0           ; 0           ; 1          ; 0          ; 0           ; 0           ; 0             ; 0            ; 0            ; 0            ; 1            ;
; state.jalr1     ; 0          ; 0          ; 0          ; 0          ; 0               ; 0        ; 0           ; 1           ; 0          ; 0          ; 0           ; 0           ; 0             ; 0            ; 0            ; 0            ; 1            ;
; state.s_lui     ; 0          ; 0          ; 0          ; 0          ; 0               ; 0        ; 1           ; 0           ; 0          ; 0          ; 0           ; 0           ; 0             ; 0            ; 0            ; 0            ; 1            ;
; state.br        ; 0          ; 0          ; 0          ; 0          ; 0               ; 1        ; 0           ; 0           ; 0          ; 0          ; 0           ; 0           ; 0             ; 0            ; 0            ; 0            ; 1            ;
; state.calc_addr ; 0          ; 0          ; 0          ; 0          ; 1               ; 0        ; 0           ; 0           ; 0          ; 0          ; 0           ; 0           ; 0             ; 0            ; 0            ; 0            ; 1            ;
; state.ldr1      ; 0          ; 0          ; 0          ; 1          ; 0               ; 0        ; 0           ; 0           ; 0          ; 0          ; 0           ; 0           ; 0             ; 0            ; 0            ; 0            ; 1            ;
; state.ldr2      ; 0          ; 0          ; 1          ; 0          ; 0               ; 0        ; 0           ; 0           ; 0          ; 0          ; 0           ; 0           ; 0             ; 0            ; 0            ; 0            ; 1            ;
; state.str1      ; 0          ; 1          ; 0          ; 0          ; 0               ; 0        ; 0           ; 0           ; 0          ; 0          ; 0           ; 0           ; 0             ; 0            ; 0            ; 0            ; 1            ;
; state.str2      ; 1          ; 0          ; 0          ; 0          ; 0               ; 0        ; 0           ; 0           ; 0          ; 0          ; 0           ; 0           ; 0             ; 0            ; 0            ; 0            ; 1            ;
+-----------------+------------+------------+------------+------------+-----------------+----------+-------------+-------------+------------+------------+-------------+-------------+---------------+--------------+--------------+--------------+--------------+


+--------------------------------------------------------------------------------------------------+
; Registers Removed During Synthesis                                                               ;
+---------------------------------------------------------+----------------------------------------+
; Register name                                           ; Reason for Removal                     ;
+---------------------------------------------------------+----------------------------------------+
; cache:cache|cache_control:control|state~4               ; Lost fanout                            ;
; cache:cache|cache_control:control|state~5               ; Lost fanout                            ;
; cache:cache|cache_control:control|state~6               ; Lost fanout                            ;
; cache:cache|cache_control:control|state~7               ; Lost fanout                            ;
; cache:cache|cache_control:control|state~8               ; Lost fanout                            ;
; cache:cache|cache_control:control|state~9               ; Lost fanout                            ;
; cache:cache|cache_control:control|state~10              ; Lost fanout                            ;
; cache:cache|cache_control:control|state~11              ; Lost fanout                            ;
; cache:cache|cache_control:control|state~12              ; Lost fanout                            ;
; cache:cache|cache_control:control|state~13              ; Lost fanout                            ;
; cache:cache|cache_control:control|state~14              ; Lost fanout                            ;
; cache:cache|cache_control:control|state~15              ; Lost fanout                            ;
; cache:cache|cache_control:control|state~16              ; Lost fanout                            ;
; cache:cache|cache_control:control|state~17              ; Lost fanout                            ;
; cache:cache|cache_control:control|state~18              ; Lost fanout                            ;
; cache:cache|cache_control:control|state~19              ; Lost fanout                            ;
; cache:cache|cache_control:control|state~20              ; Lost fanout                            ;
; cache:cache|cache_control:control|state~21              ; Lost fanout                            ;
; cache:cache|cache_control:control|state~22              ; Lost fanout                            ;
; cache:cache|cache_control:control|state~23              ; Lost fanout                            ;
; cache:cache|cache_control:control|state~24              ; Lost fanout                            ;
; cache:cache|cache_control:control|state~25              ; Lost fanout                            ;
; cache:cache|cache_control:control|state~26              ; Lost fanout                            ;
; cache:cache|cache_control:control|state~27              ; Lost fanout                            ;
; cache:cache|cache_control:control|state~28              ; Lost fanout                            ;
; cache:cache|cache_control:control|state~29              ; Lost fanout                            ;
; cache:cache|cache_control:control|state~30              ; Lost fanout                            ;
; cache:cache|cache_control:control|state~31              ; Lost fanout                            ;
; cache:cache|cache_control:control|state~32              ; Lost fanout                            ;
; cache:cache|cache_control:control|state~33              ; Lost fanout                            ;
; mp1:cpu|control:control|state~2                         ; Lost fanout                            ;
; mp1:cpu|control:control|state~3                         ; Lost fanout                            ;
; mp1:cpu|control:control|state~4                         ; Lost fanout                            ;
; mp1:cpu|control:control|state~5                         ; Lost fanout                            ;
; mp1:cpu|control:control|state~6                         ; Lost fanout                            ;
; mp1:cpu|control:control|state~7                         ; Lost fanout                            ;
; mp1:cpu|control:control|state~8                         ; Lost fanout                            ;
; mp1:cpu|control:control|state~9                         ; Lost fanout                            ;
; mp1:cpu|control:control|state~10                        ; Lost fanout                            ;
; mp1:cpu|control:control|state~11                        ; Lost fanout                            ;
; mp1:cpu|control:control|state~12                        ; Lost fanout                            ;
; mp1:cpu|control:control|state~13                        ; Lost fanout                            ;
; mp1:cpu|control:control|state~14                        ; Lost fanout                            ;
; mp1:cpu|control:control|state~15                        ; Lost fanout                            ;
; mp1:cpu|control:control|state~16                        ; Lost fanout                            ;
; mp1:cpu|control:control|state~17                        ; Lost fanout                            ;
; mp1:cpu|control:control|state~18                        ; Lost fanout                            ;
; mp1:cpu|control:control|state~19                        ; Lost fanout                            ;
; mp1:cpu|control:control|state~20                        ; Lost fanout                            ;
; mp1:cpu|control:control|state~21                        ; Lost fanout                            ;
; mp1:cpu|control:control|state~22                        ; Lost fanout                            ;
; mp1:cpu|control:control|state~23                        ; Lost fanout                            ;
; mp1:cpu|control:control|state~24                        ; Lost fanout                            ;
; mp1:cpu|control:control|state~25                        ; Lost fanout                            ;
; mp1:cpu|control:control|state~26                        ; Lost fanout                            ;
; mp1:cpu|control:control|state~27                        ; Lost fanout                            ;
; mp1:cpu|control:control|state~28                        ; Lost fanout                            ;
; mp1:cpu|control:control|state~29                        ; Lost fanout                            ;
; mp1:cpu|control:control|state~30                        ; Lost fanout                            ;
; mp1:cpu|control:control|state~31                        ; Lost fanout                            ;
; mp1:cpu|control:control|state~32                        ; Lost fanout                            ;
; mp1:cpu|control:control|state~33                        ; Lost fanout                            ;
; cache:cache|cache_datapath:datapath|array:dirty0|data~0 ; Stuck at GND due to stuck port data_in ;
; cache:cache|cache_datapath:datapath|array:dirty0|data~1 ; Stuck at GND due to stuck port data_in ;
; cache:cache|cache_datapath:datapath|array:dirty0|data~2 ; Stuck at GND due to stuck port data_in ;
; cache:cache|cache_datapath:datapath|array:dirty0|data~3 ; Stuck at GND due to stuck port data_in ;
; cache:cache|cache_datapath:datapath|array:dirty0|data~4 ; Stuck at GND due to stuck port data_in ;
; cache:cache|cache_datapath:datapath|array:dirty0|data~5 ; Stuck at GND due to stuck port data_in ;
; cache:cache|cache_datapath:datapath|array:dirty0|data~6 ; Stuck at GND due to stuck port data_in ;
; cache:cache|cache_datapath:datapath|array:dirty0|data~7 ; Stuck at GND due to stuck port data_in ;
; cache:cache|cache_datapath:datapath|array:dirty1|data~0 ; Stuck at GND due to stuck port data_in ;
; cache:cache|cache_datapath:datapath|array:dirty1|data~1 ; Stuck at GND due to stuck port data_in ;
; cache:cache|cache_datapath:datapath|array:dirty1|data~2 ; Stuck at GND due to stuck port data_in ;
; cache:cache|cache_datapath:datapath|array:dirty1|data~3 ; Stuck at GND due to stuck port data_in ;
; cache:cache|cache_datapath:datapath|array:dirty1|data~4 ; Stuck at GND due to stuck port data_in ;
; cache:cache|cache_datapath:datapath|array:dirty1|data~5 ; Stuck at GND due to stuck port data_in ;
; cache:cache|cache_datapath:datapath|array:dirty1|data~6 ; Stuck at GND due to stuck port data_in ;
; cache:cache|cache_datapath:datapath|array:dirty1|data~7 ; Stuck at GND due to stuck port data_in ;
; cache:cache|cache_control:control|state.writeback       ; Stuck at GND due to stuck port data_in ;
; Total Number of Removed Registers = 79                  ;                                        ;
+---------------------------------------------------------+----------------------------------------+


+-----------------------------------------------------------------------------------------------------------------------------------------+
; Removed Registers Triggering Further Register Optimizations                                                                             ;
+---------------------------------------------------------+---------------------------+---------------------------------------------------+
; Register name                                           ; Reason for Removal        ; Registers Removed due to This Register            ;
+---------------------------------------------------------+---------------------------+---------------------------------------------------+
; cache:cache|cache_datapath:datapath|array:dirty0|data~0 ; Stuck at GND              ; cache:cache|cache_control:control|state.writeback ;
;                                                         ; due to stuck port data_in ;                                                   ;
+---------------------------------------------------------+---------------------------+---------------------------------------------------+


+------------------------------------------------------+
; General Register Statistics                          ;
+----------------------------------------------+-------+
; Statistic                                    ; Value ;
+----------------------------------------------+-------+
; Total registers                              ; 5707  ;
; Number of registers using Synchronous Clear  ; 24    ;
; Number of registers using Synchronous Load   ; 60    ;
; Number of registers using Asynchronous Clear ; 0     ;
; Number of registers using Asynchronous Load  ; 0     ;
; Number of registers using Clock Enable       ; 5664  ;
; Number of registers using Preset             ; 0     ;
+----------------------------------------------+-------+


+------------------------------------------------------------+
; Inverted Register Statistics                               ;
+--------------------------------------------------+---------+
; Inverted Register                                ; Fan out ;
+--------------------------------------------------+---------+
; mp1:cpu|datapath:datapath|pc_register:pc|data[6] ; 3       ;
; mp1:cpu|datapath:datapath|pc_register:pc|data[5] ; 4       ;
; Total number of inverted registers = 2           ;         ;
+--------------------------------------------------+---------+


+------------------------------------------------------------------------------------------------------------------------------------------------------------------------------------+
; Multiplexer Restructuring Statistics (Restructuring Performed)                                                                                                                     ;
+--------------------+-----------+---------------+----------------------+------------------------+------------+----------------------------------------------------------------------+
; Multiplexer Inputs ; Bus Width ; Baseline Area ; Area if Restructured ; Saving if Restructured ; Registered ; Example Multiplexer Output                                           ;
+--------------------+-----------+---------------+----------------------+------------------------+------------+----------------------------------------------------------------------+
; 3:1                ; 8 bits    ; 16 ALUTs      ; 0 ALUTs              ; 16 ALUTs               ; Yes        ; |mp2|mp1:cpu|datapath:datapath|register:mem_data_out|data[9]         ;
; 8:1                ; 32 bits   ; 160 ALUTs     ; 160 ALUTs            ; 0 ALUTs                ; Yes        ; |mp2|mp1:cpu|datapath:datapath|register:mdr|data[13]                 ;
; 4:1                ; 28 bits   ; 56 ALUTs      ; 0 ALUTs              ; 56 ALUTs               ; Yes        ; |mp2|mp1:cpu|datapath:datapath|pc_register:pc|data[19]               ;
; 4:1                ; 8 bits    ; 16 ALUTs      ; 0 ALUTs              ; 16 ALUTs               ; Yes        ; |mp2|mp1:cpu|datapath:datapath|register:mem_data_out|data[3]         ;
; 4:1                ; 2 bits    ; 4 ALUTs       ; 4 ALUTs              ; 0 ALUTs                ; Yes        ; |mp2|mp1:cpu|datapath:datapath|pc_register:pc|data[6]                ;
; 3:1                ; 2 bits    ; 4 ALUTs       ; 4 ALUTs              ; 0 ALUTs                ; No         ; |mp2|cache:cache|cache_control:control|write_data0                   ;
; 3:1                ; 2 bits    ; 4 ALUTs       ; 4 ALUTs              ; 0 ALUTs                ; No         ; |mp2|cache:cache|cache_control:control|datainmux_sel                 ;
; 3:1                ; 2 bits    ; 4 ALUTs       ; 4 ALUTs              ; 0 ALUTs                ; No         ; |mp2|mp1:cpu|control:control|memdatamux_sel[1]                       ;
; 3:1                ; 32 bits   ; 64 ALUTs      ; 64 ALUTs             ; 0 ALUTs                ; No         ; |mp2|cache:cache|cache_datapath:datapath|mux2:datain_mux|f[249]      ;
; 3:1                ; 32 bits   ; 64 ALUTs      ; 64 ALUTs             ; 0 ALUTs                ; No         ; |mp2|cache:cache|cache_datapath:datapath|mux2:datain_mux|f[220]      ;
; 3:1                ; 32 bits   ; 64 ALUTs      ; 64 ALUTs             ; 0 ALUTs                ; No         ; |mp2|cache:cache|cache_datapath:datapath|mux2:datain_mux|f[190]      ;
; 3:1                ; 32 bits   ; 64 ALUTs      ; 64 ALUTs             ; 0 ALUTs                ; No         ; |mp2|cache:cache|cache_datapath:datapath|mux2:datain_mux|f[143]      ;
; 3:1                ; 32 bits   ; 64 ALUTs      ; 64 ALUTs             ; 0 ALUTs                ; No         ; |mp2|cache:cache|cache_datapath:datapath|mux2:datain_mux|f[110]      ;
; 3:1                ; 32 bits   ; 64 ALUTs      ; 64 ALUTs             ; 0 ALUTs                ; No         ; |mp2|cache:cache|cache_datapath:datapath|mux2:datain_mux|f[73]       ;
; 3:1                ; 32 bits   ; 64 ALUTs      ; 64 ALUTs             ; 0 ALUTs                ; No         ; |mp2|cache:cache|cache_datapath:datapath|mux2:datain_mux|f[60]       ;
; 3:1                ; 32 bits   ; 64 ALUTs      ; 64 ALUTs             ; 0 ALUTs                ; No         ; |mp2|cache:cache|cache_datapath:datapath|mux2:datain_mux|f[14]       ;
; 3:1                ; 2 bits    ; 4 ALUTs       ; 2 ALUTs              ; 2 ALUTs                ; No         ; |mp2|mp1:cpu|control:control|Selector9                               ;
; 3:1                ; 4 bits    ; 8 ALUTs       ; 8 ALUTs              ; 0 ALUTs                ; No         ; |mp2|mp1:cpu|datapath:datapath|alu:alu|ShiftLeft0                    ;
; 3:1                ; 2 bits    ; 4 ALUTs       ; 4 ALUTs              ; 0 ALUTs                ; No         ; |mp2|mp1:cpu|datapath:datapath|alu:alu|ShiftLeft0                    ;
; 3:1                ; 4 bits    ; 8 ALUTs       ; 8 ALUTs              ; 0 ALUTs                ; No         ; |mp2|mp1:cpu|datapath:datapath|alu:alu|ShiftRight1                   ;
; 3:1                ; 4 bits    ; 8 ALUTs       ; 8 ALUTs              ; 0 ALUTs                ; No         ; |mp2|mp1:cpu|datapath:datapath|alu:alu|ShiftRight0                   ;
; 3:1                ; 4 bits    ; 8 ALUTs       ; 8 ALUTs              ; 0 ALUTs                ; No         ; |mp2|mp1:cpu|datapath:datapath|alu:alu|ShiftLeft0                    ;
; 4:1                ; 3 bits    ; 6 ALUTs       ; 3 ALUTs              ; 3 ALUTs                ; No         ; |mp2|cache:cache|cache_datapath:datapath|mux4:pmem_address_mux|f[6]  ;
; 4:1                ; 24 bits   ; 48 ALUTs      ; 48 ALUTs             ; 0 ALUTs                ; No         ; |mp2|cache:cache|cache_datapath:datapath|mux4:pmem_address_mux|f[21] ;
; 4:1                ; 7 bits    ; 14 ALUTs      ; 14 ALUTs             ; 0 ALUTs                ; No         ; |mp2|mp1:cpu|datapath:datapath|mux8:regfilemux|out[6]                ;
; 6:1                ; 6 bits    ; 24 ALUTs      ; 12 ALUTs             ; 12 ALUTs               ; No         ; |mp2|mp1:cpu|datapath:datapath|mux8:alumux2|out[10]                  ;
; 6:1                ; 8 bits    ; 32 ALUTs      ; 16 ALUTs             ; 16 ALUTs               ; No         ; |mp2|mp1:cpu|datapath:datapath|mux8:alumux2|out[14]                  ;
; 6:1                ; 11 bits   ; 44 ALUTs      ; 22 ALUTs             ; 22 ALUTs               ; No         ; |mp2|mp1:cpu|datapath:datapath|mux8:alumux2|out[22]                  ;
; 5:1                ; 16 bits   ; 48 ALUTs      ; 48 ALUTs             ; 0 ALUTs                ; No         ; |mp2|mp1:cpu|datapath:datapath|mux8:regfilemux|out[17]               ;
; 7:1                ; 3 bits    ; 12 ALUTs      ; 9 ALUTs              ; 3 ALUTs                ; No         ; |mp2|mp1:cpu|datapath:datapath|mux8:alumux2|out[3]                   ;
; 6:1                ; 4 bits    ; 16 ALUTs      ; 12 ALUTs             ; 4 ALUTs                ; No         ; |mp2|mp1:cpu|datapath:datapath|mux8:regfilemux|out[8]                ;
; 6:1                ; 4 bits    ; 16 ALUTs      ; 12 ALUTs             ; 4 ALUTs                ; No         ; |mp2|mp1:cpu|datapath:datapath|mux8:regfilemux|out[12]               ;
; 6:1                ; 8 bits    ; 32 ALUTs      ; 24 ALUTs             ; 8 ALUTs                ; No         ; |mp2|mp1:cpu|control:control|Selector37                              ;
; 12:1               ; 11 bits   ; 88 ALUTs      ; 88 ALUTs             ; 0 ALUTs                ; No         ; |mp2|mp1:cpu|datapath:datapath|alu:alu|Selector6                     ;
; 11:1               ; 8 bits    ; 56 ALUTs      ; 56 ALUTs             ; 0 ALUTs                ; No         ; |mp2|mp1:cpu|datapath:datapath|alu:alu|Selector19                    ;
; 12:1               ; 4 bits    ; 32 ALUTs      ; 32 ALUTs             ; 0 ALUTs                ; No         ; |mp2|mp1:cpu|datapath:datapath|alu:alu|Selector25                    ;
; 14:1               ; 3 bits    ; 27 ALUTs      ; 27 ALUTs             ; 0 ALUTs                ; No         ; |mp2|mp1:cpu|datapath:datapath|alu:alu|Selector1                     ;
; 13:1               ; 3 bits    ; 24 ALUTs      ; 24 ALUTs             ; 0 ALUTs                ; No         ; |mp2|mp1:cpu|datapath:datapath|alu:alu|Selector28                    ;
+--------------------+-----------+---------------+----------------------+------------------------+------------+----------------------------------------------------------------------+


+-----------------------------------------------------------------------------------+
; Parameter Settings for User Entity Instance: mp1:cpu|datapath:datapath|mux4:pcmux ;
+----------------+-------+----------------------------------------------------------+
; Parameter Name ; Value ; Type                                                     ;
+----------------+-------+----------------------------------------------------------+
; width          ; 32    ; Signed Integer                                           ;
+----------------+-------+----------------------------------------------------------+
Note: In order to hide this table in the UI and the text report file, please set the "Show Parameter Settings in Synthesis Report" option in "Analysis and Synthesis Settings -> More Settings" to "Off".


+---------------------------------------------------------------------------------------+
; Parameter Settings for User Entity Instance: mp1:cpu|datapath:datapath|pc_register:pc ;
+----------------+-------+--------------------------------------------------------------+
; Parameter Name ; Value ; Type                                                         ;
+----------------+-------+--------------------------------------------------------------+
; width          ; 32    ; Signed Integer                                               ;
+----------------+-------+--------------------------------------------------------------+
Note: In order to hide this table in the UI and the text report file, please set the "Show Parameter Settings in Synthesis Report" option in "Analysis and Synthesis Settings -> More Settings" to "Off".


+---------------------------------------------------------------------------------------+
; Parameter Settings for User Entity Instance: mp1:cpu|datapath:datapath|plus4:pc_plus4 ;
+----------------+-------+--------------------------------------------------------------+
; Parameter Name ; Value ; Type                                                         ;
+----------------+-------+--------------------------------------------------------------+
; width          ; 32    ; Signed Integer                                               ;
+----------------+-------+--------------------------------------------------------------+
Note: In order to hide this table in the UI and the text report file, please set the "Show Parameter Settings in Synthesis Report" option in "Analysis and Synthesis Settings -> More Settings" to "Off".


+------------------------------------------------------------------------------------+
; Parameter Settings for User Entity Instance: mp1:cpu|datapath:datapath|mux2:cmpmux ;
+----------------+-------+-----------------------------------------------------------+
; Parameter Name ; Value ; Type                                                      ;
+----------------+-------+-----------------------------------------------------------+
; width          ; 32    ; Signed Integer                                            ;
+----------------+-------+-----------------------------------------------------------+
Note: In order to hide this table in the UI and the text report file, please set the "Show Parameter Settings in Synthesis Report" option in "Analysis and Synthesis Settings -> More Settings" to "Off".


+-------------------------------------------------------------------------------------+
; Parameter Settings for User Entity Instance: mp1:cpu|datapath:datapath|mux2:alumux1 ;
+----------------+-------+------------------------------------------------------------+
; Parameter Name ; Value ; Type                                                       ;
+----------------+-------+------------------------------------------------------------+
; width          ; 32    ; Signed Integer                                             ;
+----------------+-------+------------------------------------------------------------+
Note: In order to hide this table in the UI and the text report file, please set the "Show Parameter Settings in Synthesis Report" option in "Analysis and Synthesis Settings -> More Settings" to "Off".


+-------------------------------------------------------------------------------------+
; Parameter Settings for User Entity Instance: mp1:cpu|datapath:datapath|mux8:alumux2 ;
+----------------+-------+------------------------------------------------------------+
; Parameter Name ; Value ; Type                                                       ;
+----------------+-------+------------------------------------------------------------+
; width          ; 32    ; Signed Integer                                             ;
+----------------+-------+------------------------------------------------------------+
Note: In order to hide this table in the UI and the text report file, please set the "Show Parameter Settings in Synthesis Report" option in "Analysis and Synthesis Settings -> More Settings" to "Off".


+----------------------------------------------------------------------------------------+
; Parameter Settings for User Entity Instance: mp1:cpu|datapath:datapath|mux8:regfilemux ;
+----------------+-------+---------------------------------------------------------------+
; Parameter Name ; Value ; Type                                                          ;
+----------------+-------+---------------------------------------------------------------+
; width          ; 32    ; Signed Integer                                                ;
+----------------+-------+---------------------------------------------------------------+
Note: In order to hide this table in the UI and the text report file, please set the "Show Parameter Settings in Synthesis Report" option in "Analysis and Synthesis Settings -> More Settings" to "Off".


+------------------------------------------------------------------------------------+
; Parameter Settings for User Entity Instance: mp1:cpu|datapath:datapath|mux2:marmux ;
+----------------+-------+-----------------------------------------------------------+
; Parameter Name ; Value ; Type                                                      ;
+----------------+-------+-----------------------------------------------------------+
; width          ; 32    ; Signed Integer                                            ;
+----------------+-------+-----------------------------------------------------------+
Note: In order to hide this table in the UI and the text report file, please set the "Show Parameter Settings in Synthesis Report" option in "Analysis and Synthesis Settings -> More Settings" to "Off".


+-------------------------------------------------------------------------------------+
; Parameter Settings for User Entity Instance: mp1:cpu|datapath:datapath|register:mdr ;
+----------------+-------+------------------------------------------------------------+
; Parameter Name ; Value ; Type                                                       ;
+----------------+-------+------------------------------------------------------------+
; width          ; 32    ; Signed Integer                                             ;
+----------------+-------+------------------------------------------------------------+
Note: In order to hide this table in the UI and the text report file, please set the "Show Parameter Settings in Synthesis Report" option in "Analysis and Synthesis Settings -> More Settings" to "Off".


+-------------------------------------------------------------------------------------+
; Parameter Settings for User Entity Instance: mp1:cpu|datapath:datapath|register:mar ;
+----------------+-------+------------------------------------------------------------+
; Parameter Name ; Value ; Type                                                       ;
+----------------+-------+------------------------------------------------------------+
; width          ; 32    ; Signed Integer                                             ;
+----------------+-------+------------------------------------------------------------+
Note: In order to hide this table in the UI and the text report file, please set the "Show Parameter Settings in Synthesis Report" option in "Analysis and Synthesis Settings -> More Settings" to "Off".


+----------------------------------------------------------------------------------------------+
; Parameter Settings for User Entity Instance: mp1:cpu|datapath:datapath|register:mem_data_out ;
+----------------+-------+---------------------------------------------------------------------+
; Parameter Name ; Value ; Type                                                                ;
+----------------+-------+---------------------------------------------------------------------+
; width          ; 32    ; Signed Integer                                                      ;
+----------------+-------+---------------------------------------------------------------------+
Note: In order to hide this table in the UI and the text report file, please set the "Show Parameter Settings in Synthesis Report" option in "Analysis and Synthesis Settings -> More Settings" to "Off".


+------------------------------------------------------------------------------------------+
; Parameter Settings for User Entity Instance: mp1:cpu|datapath:datapath|mux4:mem_data_mux ;
+----------------+-------+-----------------------------------------------------------------+
; Parameter Name ; Value ; Type                                                            ;
+----------------+-------+-----------------------------------------------------------------+
; width          ; 32    ; Signed Integer                                                  ;
+----------------+-------+-----------------------------------------------------------------+
Note: In order to hide this table in the UI and the text report file, please set the "Show Parameter Settings in Synthesis Report" option in "Analysis and Synthesis Settings -> More Settings" to "Off".


+--------------------------------------------------------------------------------+
; Parameter Settings for User Entity Instance: mp1:cpu|datapath:datapath|cmp:cmp ;
+----------------+-------+-------------------------------------------------------+
; Parameter Name ; Value ; Type                                                  ;
+----------------+-------+-------------------------------------------------------+
; width          ; 32    ; Signed Integer                                        ;
+----------------+-------+-------------------------------------------------------+
Note: In order to hide this table in the UI and the text report file, please set the "Show Parameter Settings in Synthesis Report" option in "Analysis and Synthesis Settings -> More Settings" to "Off".


+----------------------------------------------------------------------------------------------------+
; Parameter Settings for User Entity Instance: cache:cache|cache_datapath:datapath|array:data_array0 ;
+----------------+-------+---------------------------------------------------------------------------+
; Parameter Name ; Value ; Type                                                                      ;
+----------------+-------+---------------------------------------------------------------------------+
; width          ; 256   ; Signed Integer                                                            ;
+----------------+-------+---------------------------------------------------------------------------+
Note: In order to hide this table in the UI and the text report file, please set the "Show Parameter Settings in Synthesis Report" option in "Analysis and Synthesis Settings -> More Settings" to "Off".


+----------------------------------------------------------------------------------------------------+
; Parameter Settings for User Entity Instance: cache:cache|cache_datapath:datapath|array:data_array1 ;
+----------------+-------+---------------------------------------------------------------------------+
; Parameter Name ; Value ; Type                                                                      ;
+----------------+-------+---------------------------------------------------------------------------+
; width          ; 256   ; Signed Integer                                                            ;
+----------------+-------+---------------------------------------------------------------------------+
Note: In order to hide this table in the UI and the text report file, please set the "Show Parameter Settings in Synthesis Report" option in "Analysis and Synthesis Settings -> More Settings" to "Off".


+-----------------------------------------------------------------------------------------------+
; Parameter Settings for User Entity Instance: cache:cache|cache_datapath:datapath|array:dirty0 ;
+----------------+-------+----------------------------------------------------------------------+
; Parameter Name ; Value ; Type                                                                 ;
+----------------+-------+----------------------------------------------------------------------+
; width          ; 1     ; Signed Integer                                                       ;
+----------------+-------+----------------------------------------------------------------------+
Note: In order to hide this table in the UI and the text report file, please set the "Show Parameter Settings in Synthesis Report" option in "Analysis and Synthesis Settings -> More Settings" to "Off".


+-----------------------------------------------------------------------------------------------+
; Parameter Settings for User Entity Instance: cache:cache|cache_datapath:datapath|array:dirty1 ;
+----------------+-------+----------------------------------------------------------------------+
; Parameter Name ; Value ; Type                                                                 ;
+----------------+-------+----------------------------------------------------------------------+
; width          ; 1     ; Signed Integer                                                       ;
+----------------+-------+----------------------------------------------------------------------+
Note: In order to hide this table in the UI and the text report file, please set the "Show Parameter Settings in Synthesis Report" option in "Analysis and Synthesis Settings -> More Settings" to "Off".


+-----------------------------------------------------------------------------------------------+
; Parameter Settings for User Entity Instance: cache:cache|cache_datapath:datapath|array:valid0 ;
+----------------+-------+----------------------------------------------------------------------+
; Parameter Name ; Value ; Type                                                                 ;
+----------------+-------+----------------------------------------------------------------------+
; width          ; 1     ; Signed Integer                                                       ;
+----------------+-------+----------------------------------------------------------------------+
Note: In order to hide this table in the UI and the text report file, please set the "Show Parameter Settings in Synthesis Report" option in "Analysis and Synthesis Settings -> More Settings" to "Off".


+-----------------------------------------------------------------------------------------------+
; Parameter Settings for User Entity Instance: cache:cache|cache_datapath:datapath|array:valid1 ;
+----------------+-------+----------------------------------------------------------------------+
; Parameter Name ; Value ; Type                                                                 ;
+----------------+-------+----------------------------------------------------------------------+
; width          ; 1     ; Signed Integer                                                       ;
+----------------+-------+----------------------------------------------------------------------+
Note: In order to hide this table in the UI and the text report file, please set the "Show Parameter Settings in Synthesis Report" option in "Analysis and Synthesis Settings -> More Settings" to "Off".


+---------------------------------------------------------------------------------------------------+
; Parameter Settings for User Entity Instance: cache:cache|cache_datapath:datapath|array:tag_array0 ;
+----------------+-------+--------------------------------------------------------------------------+
; Parameter Name ; Value ; Type                                                                     ;
+----------------+-------+--------------------------------------------------------------------------+
; width          ; 24    ; Signed Integer                                                           ;
+----------------+-------+--------------------------------------------------------------------------+
Note: In order to hide this table in the UI and the text report file, please set the "Show Parameter Settings in Synthesis Report" option in "Analysis and Synthesis Settings -> More Settings" to "Off".


+---------------------------------------------------------------------------------------------------+
; Parameter Settings for User Entity Instance: cache:cache|cache_datapath:datapath|array:tag_array1 ;
+----------------+-------+--------------------------------------------------------------------------+
; Parameter Name ; Value ; Type                                                                     ;
+----------------+-------+--------------------------------------------------------------------------+
; width          ; 24    ; Signed Integer                                                           ;
+----------------+-------+--------------------------------------------------------------------------+
Note: In order to hide this table in the UI and the text report file, please set the "Show Parameter Settings in Synthesis Report" option in "Analysis and Synthesis Settings -> More Settings" to "Off".


+--------------------------------------------------------------------------------------------+
; Parameter Settings for User Entity Instance: cache:cache|cache_datapath:datapath|array:lru ;
+----------------+-------+-------------------------------------------------------------------+
; Parameter Name ; Value ; Type                                                              ;
+----------------+-------+-------------------------------------------------------------------+
; width          ; 1     ; Signed Integer                                                    ;
+----------------+-------+-------------------------------------------------------------------+
Note: In order to hide this table in the UI and the text report file, please set the "Show Parameter Settings in Synthesis Report" option in "Analysis and Synthesis Settings -> More Settings" to "Off".


+------------------------------------------------------------------------------------------------------+
; Parameter Settings for User Entity Instance: cache:cache|cache_datapath:datapath|mux2:pmem_wdata_mux ;
+----------------+-------+-----------------------------------------------------------------------------+
; Parameter Name ; Value ; Type                                                                        ;
+----------------+-------+-----------------------------------------------------------------------------+
; width          ; 256   ; Signed Integer                                                              ;
+----------------+-------+-----------------------------------------------------------------------------+
Note: In order to hide this table in the UI and the text report file, please set the "Show Parameter Settings in Synthesis Report" option in "Analysis and Synthesis Settings -> More Settings" to "Off".


+--------------------------------------------------------------------------------------------------------+
; Parameter Settings for User Entity Instance: cache:cache|cache_datapath:datapath|mux4:pmem_address_mux ;
+----------------+-------+-------------------------------------------------------------------------------+
; Parameter Name ; Value ; Type                                                                          ;
+----------------+-------+-------------------------------------------------------------------------------+
; width          ; 32    ; Signed Integer                                                                ;
+----------------+-------+-------------------------------------------------------------------------------+
Note: In order to hide this table in the UI and the text report file, please set the "Show Parameter Settings in Synthesis Report" option in "Analysis and Synthesis Settings -> More Settings" to "Off".


+---------------------------------------------------------------------------------------------------+
; Parameter Settings for User Entity Instance: cache:cache|cache_datapath:datapath|mux2:waydata_mux ;
+----------------+-------+--------------------------------------------------------------------------+
; Parameter Name ; Value ; Type                                                                     ;
+----------------+-------+--------------------------------------------------------------------------+
; width          ; 256   ; Signed Integer                                                           ;
+----------------+-------+--------------------------------------------------------------------------+
Note: In order to hide this table in the UI and the text report file, please set the "Show Parameter Settings in Synthesis Report" option in "Analysis and Synthesis Settings -> More Settings" to "Off".


+--------------------------------------------------------------------------------------------------+
; Parameter Settings for User Entity Instance: cache:cache|cache_datapath:datapath|mux2:datain_mux ;
+----------------+-------+-------------------------------------------------------------------------+
; Parameter Name ; Value ; Type                                                                    ;
+----------------+-------+-------------------------------------------------------------------------+
; width          ; 256   ; Signed Integer                                                          ;
+----------------+-------+-------------------------------------------------------------------------+
Note: In order to hide this table in the UI and the text report file, please set the "Show Parameter Settings in Synthesis Report" option in "Analysis and Synthesis Settings -> More Settings" to "Off".


+-----------------------------------------------------------------------------------------------------+
; Parameter Settings for User Entity Instance: cache:cache|cache_datapath:datapath|mux8:mem_rdata_mux ;
+----------------+-------+----------------------------------------------------------------------------+
; Parameter Name ; Value ; Type                                                                       ;
+----------------+-------+----------------------------------------------------------------------------+
; width          ; 32    ; Signed Integer                                                             ;
+----------------+-------+----------------------------------------------------------------------------+
Note: In order to hide this table in the UI and the text report file, please set the "Show Parameter Settings in Synthesis Report" option in "Analysis and Synthesis Settings -> More Settings" to "Off".


+---------------------------------------------------------------------------------------+
; Port Connectivity Checks: "cache:cache|cache_datapath:datapath|mux4:pmem_address_mux" ;
+---------+-------+----------+----------------------------------------------------------+
; Port    ; Type  ; Severity ; Details                                                  ;
+---------+-------+----------+----------------------------------------------------------+
; b[4..0] ; Input ; Info     ; Stuck at GND                                             ;
; c[4..0] ; Input ; Info     ; Stuck at GND                                             ;
; d       ; Input ; Info     ; Stuck at GND                                             ;
+---------+-------+----------+----------------------------------------------------------+


+-------------------------------------------------------------------------+
; Port Connectivity Checks: "mp1:cpu|datapath:datapath|mux4:mem_data_mux" ;
+-----------+-------+----------+------------------------------------------+
; Port      ; Type  ; Severity ; Details                                  ;
+-----------+-------+----------+------------------------------------------+
; b[31..16] ; Input ; Info     ; Stuck at GND                             ;
; c[31..8]  ; Input ; Info     ; Stuck at GND                             ;
; d         ; Input ; Info     ; Stuck at GND                             ;
+-----------+-------+----------+------------------------------------------+


+-----------------------------------------------------------------------+
; Port Connectivity Checks: "mp1:cpu|datapath:datapath|mux8:regfilemux" ;
+-----------+-------+----------+----------------------------------------+
; Port      ; Type  ; Severity ; Details                                ;
+-----------+-------+----------+----------------------------------------+
; b[31..1]  ; Input ; Info     ; Stuck at GND                           ;
; g[31..16] ; Input ; Info     ; Stuck at GND                           ;
; h[31..8]  ; Input ; Info     ; Stuck at GND                           ;
+-----------+-------+----------+----------------------------------------+


+--------------------------------------------------------------------+
; Port Connectivity Checks: "mp1:cpu|datapath:datapath|mux8:alumux2" ;
+----------+-------+----------+--------------------------------------+
; Port     ; Type  ; Severity ; Details                              ;
+----------+-------+----------+--------------------------------------+
; f[31..3] ; Input ; Info     ; Stuck at GND                         ;
; f[1..0]  ; Input ; Info     ; Stuck at GND                         ;
; f[2]     ; Input ; Info     ; Stuck at VCC                         ;
; h        ; Input ; Info     ; Stuck at GND                         ;
+----------+-------+----------+--------------------------------------+


+------------------------------------------------------------------+
; Port Connectivity Checks: "mp1:cpu|datapath:datapath|mux4:pcmux" ;
+------+-------+----------+----------------------------------------+
; Port ; Type  ; Severity ; Details                                ;
+------+-------+----------+----------------------------------------+
; c[0] ; Input ; Info     ; Stuck at GND                           ;
; d    ; Input ; Info     ; Stuck at GND                           ;
+------+-------+----------+----------------------------------------+


+-------------------------------+
; Elapsed Time Per Partition    ;
+----------------+--------------+
; Partition Name ; Elapsed Time ;
+----------------+--------------+
; Top            ; 00:00:15     ;
+----------------+--------------+


+-------------------------------+
; Analysis & Synthesis Messages ;
+-------------------------------+
Info: *******************************************************************
Info: Running Quartus II 32-bit Analysis & Synthesis
    Info: Version 13.1.4 Build 182 03/12/2014 SJ Full Version
    Info: Processing started: Wed Oct  3 14:05:00 2018
Info: Command: quartus_map --read_settings_files=on --write_settings_files=off mp2 -c mp2
Info (20030): Parallel compilation is enabled and will use 12 of the 12 processors detected
Info (12021): Found 1 design units, including 1 entities, in source file data_decoder.sv
    Info (12023): Found entity 1: data_decoder
Info (12021): Found 1 design units, including 1 entities, in source file cpu.sv
    Info (12023): Found entity 1: mp1
Info (12021): Found 1 design units, including 1 entities, in source file cpu_control.sv
    Info (12023): Found entity 1: control
Info (12021): Found 1 design units, including 1 entities, in source file cpu_datapath.sv
    Info (12023): Found entity 1: datapath
Info (12021): Found 1 design units, including 1 entities, in source file mp2_tb.sv
    Info (12023): Found entity 1: mp2_tb
Info (12021): Found 1 design units, including 1 entities, in source file physical_memory.sv
    Info (12023): Found entity 1: physical_memory
Info (12021): Found 1 design units, including 1 entities, in source file array.sv
    Info (12023): Found entity 1: array
Info (12021): Found 1 design units, including 1 entities, in source file memory.sv
    Info (12023): Found entity 1: memory
Info (12021): Found 1 design units, including 1 entities, in source file mp2.sv
    Info (12023): Found entity 1: mp2
Info (12021): Found 1 design units, including 0 entities, in source file rv32i_types.sv
    Info (12022): Found design unit 1: rv32i_types (SystemVerilog)
Info (12021): Found 1 design units, including 1 entities, in source file register.sv
    Info (12023): Found entity 1: register
Info (12021): Found 1 design units, including 1 entities, in source file regfile.sv
    Info (12023): Found entity 1: regfile
Info (12021): Found 1 design units, including 1 entities, in source file pc_reg.sv
    Info (12023): Found entity 1: pc_register
Info (12021): Found 1 design units, including 1 entities, in source file magic_memory.sv
    Info (12023): Found entity 1: magic_memory
Info (12021): Found 1 design units, including 1 entities, in source file ir.sv
    Info (12023): Found entity 1: ir
Info (12021): Found 1 design units, including 1 entities, in source file alu.sv
    Info (12023): Found entity 1: alu
Info (12021): Found 1 design units, including 1 entities, in source file mux2.sv
    Info (12023): Found entity 1: mux2
Info (12021): Found 1 design units, including 1 entities, in source file mux4.sv
    Info (12023): Found entity 1: mux4
Info (12021): Found 1 design units, including 1 entities, in source file plus4.sv
    Info (12023): Found entity 1: plus4
Info (12021): Found 1 design units, including 1 entities, in source file cmp.sv
    Info (12023): Found entity 1: cmp
Info (12021): Found 1 design units, including 1 entities, in source file mux8.sv
    Info (12023): Found entity 1: mux8
Info (12021): Found 1 design units, including 1 entities, in source file cache.sv
    Info (12023): Found entity 1: cache
Info (12021): Found 1 design units, including 1 entities, in source file cache_control.sv
    Info (12023): Found entity 1: cache_control
Info (12021): Found 1 design units, including 1 entities, in source file cache_datapath.sv
    Info (12023): Found entity 1: cache_datapath
Info (12021): Found 1 design units, including 1 entities, in source file is_hit.sv
    Info (12023): Found entity 1: is_hit
Info (12021): Found 1 design units, including 1 entities, in source file mux32.sv
    Info (12023): Found entity 1: word_mux
Info (12127): Elaborating entity "mp2" for the top level hierarchy
Info (12128): Elaborating entity "mp1" for hierarchy "mp1:cpu"
Info (12128): Elaborating entity "control" for hierarchy "mp1:cpu|control:control"
Warning (10270): Verilog HDL Case Statement warning at cpu_control.sv(300): incomplete case statement has no default case item
Warning (10270): Verilog HDL Case Statement warning at cpu_control.sv(284): incomplete case statement has no default case item
Warning (10270): Verilog HDL Case Statement warning at cpu_control.sv(328): incomplete case statement has no default case item
Warning (10270): Verilog HDL Case Statement warning at cpu_control.sv(454): incomplete case statement has no default case item
Info (10264): Verilog HDL Case Statement information at cpu_control.sv(427): all case item expressions in this case statement are onehot
Info (12128): Elaborating entity "datapath" for hierarchy "mp1:cpu|datapath:datapath"
Info (12128): Elaborating entity "mux4" for hierarchy "mp1:cpu|datapath:datapath|mux4:pcmux"
Info (12128): Elaborating entity "pc_register" for hierarchy "mp1:cpu|datapath:datapath|pc_register:pc"
Info (12128): Elaborating entity "plus4" for hierarchy "mp1:cpu|datapath:datapath|plus4:pc_plus4"
Info (12128): Elaborating entity "mux2" for hierarchy "mp1:cpu|datapath:datapath|mux2:cmpmux"
Info (12128): Elaborating entity "mux8" for hierarchy "mp1:cpu|datapath:datapath|mux8:alumux2"
Info (12128): Elaborating entity "ir" for hierarchy "mp1:cpu|datapath:datapath|ir:IR"
Info (12128): Elaborating entity "regfile" for hierarchy "mp1:cpu|datapath:datapath|regfile:regfile"
Info (12128): Elaborating entity "mux8" for hierarchy "mp1:cpu|datapath:datapath|mux8:regfilemux"
Info (12128): Elaborating entity "mux2" for hierarchy "mp1:cpu|datapath:datapath|mux2:marmux"
Info (12128): Elaborating entity "register" for hierarchy "mp1:cpu|datapath:datapath|register:mdr"
Info (12128): Elaborating entity "alu" for hierarchy "mp1:cpu|datapath:datapath|alu:alu"
Info (12128): Elaborating entity "cmp" for hierarchy "mp1:cpu|datapath:datapath|cmp:cmp"
Info (12128): Elaborating entity "cache" for hierarchy "cache:cache"
Info (12128): Elaborating entity "cache_control" for hierarchy "cache:cache|cache_control:control"
Info (12128): Elaborating entity "cache_datapath" for hierarchy "cache:cache|cache_datapath:datapath"
Info (12128): Elaborating entity "array" for hierarchy "cache:cache|cache_datapath:datapath|array:data_array0"
Info (12128): Elaborating entity "array" for hierarchy "cache:cache|cache_datapath:datapath|array:dirty0"
Info (12128): Elaborating entity "array" for hierarchy "cache:cache|cache_datapath:datapath|array:tag_array0"
Info (12128): Elaborating entity "is_hit" for hierarchy "cache:cache|cache_datapath:datapath|is_hit:is_hit0"
Info (12128): Elaborating entity "mux2" for hierarchy "cache:cache|cache_datapath:datapath|mux2:pmem_wdata_mux"
Info (12128): Elaborating entity "data_decoder" for hierarchy "cache:cache|cache_datapath:datapath|data_decoder:data_decoder"
Info (276014): Found 10 instances of uninferred RAM logic
    Info (276004): RAM logic "cache:cache|cache_datapath:datapath|array:lru|data" is uninferred due to inappropriate RAM size
    Info (276006): RAM logic "cache:cache|cache_datapath:datapath|array:tag_array1|data" is uninferred due to "logic" being set as ramstyle synthesis attribute
    Info (276006): RAM logic "cache:cache|cache_datapath:datapath|array:tag_array0|data" is uninferred due to "logic" being set as ramstyle synthesis attribute
    Info (276006): RAM logic "cache:cache|cache_datapath:datapath|array:data_array1|data" is uninferred due to "logic" being set as ramstyle synthesis attribute
    Info (276006): RAM logic "cache:cache|cache_datapath:datapath|array:data_array0|data" is uninferred due to "logic" being set as ramstyle synthesis attribute
    Info (276004): RAM logic "cache:cache|cache_datapath:datapath|array:valid0|data" is uninferred due to inappropriate RAM size
    Info (276004): RAM logic "cache:cache|cache_datapath:datapath|array:valid1|data" is uninferred due to inappropriate RAM size
    Info (276004): RAM logic "cache:cache|cache_datapath:datapath|array:dirty0|data" is uninferred due to inappropriate RAM size
    Info (276004): RAM logic "cache:cache|cache_datapath:datapath|array:dirty1|data" is uninferred due to inappropriate RAM size
    Info (276006): RAM logic "mp1:cpu|datapath:datapath|regfile:regfile|data" is uninferred due to "logic" being set as ramstyle synthesis attribute
Warning (13024): Output pins are stuck at VCC or GND
    Warning (13410): Pin "pmem_write" is stuck at GND
Info (286030): Timing-Driven Synthesis is running
Info (17049): 62 registers lost all their fanouts during netlist optimizations.
Info (144001): Generated suppressed messages file /home/grossfe2/ece411/mp2/output_files/mp2.map.smsg
Info (16010): Generating hard_block partition "hard_block:auto_generated_inst"
    Info (16011): Adding 0 node(s), including 0 DDIO, 0 PLL, 0 transceiver and 0 LCELL
Info (21057): Implemented 9679 device resources after synthesis - the final resource count might be different
    Info (21058): Implemented 258 input pins
    Info (21059): Implemented 290 output pins
    Info (21061): Implemented 9131 logic cells
Info: Quartus II 32-bit Analysis & Synthesis was successful. 0 errors, 6 warnings
    Info: Peak virtual memory: 521 megabytes
    Info: Processing ended: Wed Oct  3 14:05:22 2018
    Info: Elapsed time: 00:00:22
    Info: Total CPU time (on all processors): 00:00:18


+------------------------------------------+
; Analysis & Synthesis Suppressed Messages ;
+------------------------------------------+
The suppressed messages can be found in /home/grossfe2/ece411/mp2/output_files/mp2.map.smsg.


