@00000060
97
00
00
00
83
A0
40
06
17
01
00
00
03
21
01
06
97
01
00
00
83
A1
C1
05
B3
80
20
00
E3
9E
30
FE
33
82
00
00
33
02
22
40
E3
1E
02
FE
6F
00
00
00
6F
00
00
00
11
E4
EC
00
00
11
E4
EC
67
45
23
01
1A
00
00
00
FF
00
00
00
78
00
00
00
12
00
00
00
F2
00
00
00
CD
AB
00
00
BC
1A
00
00
01
00
00
00
00
00
00
00
00
00
00
00
01
00
00
00
05
00
00
00
00
00
00
80
0F
0F
0F
0F
FF
F0
0F
00
09
00
00
00
08
00
00
00
F0
00
00
00
00
00
00
00
00
00
00
00
00
00
00
00
00
00
00
00
00
00
00
00
00
00
00
00
00
00
00
00
00
00
00
00
